<?xml version="1.0" encoding="UTF-8"?>
<testsuite name="LeituraDocumentosTest" tests="4" skipped="0" failures="0" errors="0" timestamp="2019-01-09T16:39:32" hostname="Toshiba-PC" time="0.063">
  <properties/>
  <testcase name="testId_TB1()" classname="LeituraDocumentosTest" time="0.001"/>
  <testcase name="testId_TB2()" classname="LeituraDocumentosTest" time="0.03"/>
  <testcase name="testId_TB4()" classname="LeituraDocumentosTest" time="0.001"/>
  <testcase name="testId_TP2()" classname="LeituraDocumentosTest" time="0.029"/>
  <system-out><![CDATA[]]></system-out>
  <system-err><![CDATA[]]></system-err>
</testsuite>
