<?xml version="1.0" encoding="UTF-8"?>
<testsuite name="PesquisaTest" tests="3" skipped="0" failures="0" errors="0" timestamp="2019-01-03T16:51:26" hostname="DESKTOP-SJLNRU1" time="0.027">
  <properties/>
  <testcase name="testId_TP3()" classname="PesquisaTest" time="0.023"/>
  <testcase name="testId_TP4()" classname="PesquisaTest" time="0.0"/>
  <testcase name="testId_TP5()" classname="PesquisaTest" time="0.0"/>
  <system-out><![CDATA[]]></system-out>
  <system-err><![CDATA[]]></system-err>
</testsuite>
