<?xml version="1.0" encoding="UTF-8"?>
<testsuite name="PesquisaTest" tests="1" skipped="0" failures="0" errors="0" timestamp="2019-01-11T17:13:04" hostname="DESKTOP-U8IOL9D" time="0.789">
  <properties/>
  <testcase name="testId_TP12()" classname="PesquisaTest" time="0.789"/>
  <system-out><![CDATA[1.0
]]></system-out>
  <system-err><![CDATA[]]></system-err>
</testsuite>
