<?xml version="1.0" encoding="UTF-8"?>
<<<<<<< HEAD
<testsuite name="PesquisaTest" tests="16" skipped="0" failures="0" errors="0" timestamp="2019-01-10T18:46:39" hostname="Toshiba-PC" time="1.178">
  <properties/>
  <testcase name="testId_TP10()" classname="PesquisaTest" time="0.007"/>
  <testcase name="testId_TP11()" classname="PesquisaTest" time="0.334"/>
  <testcase name="testId_TP12()" classname="PesquisaTest" time="0.226"/>
  <testcase name="testId_TP13()" classname="PesquisaTest" time="0.186"/>
  <testcase name="testId_TP14()" classname="PesquisaTest" time="0.167"/>
  <testcase name="testId_TP16()" classname="PesquisaTest" time="0.148"/>
  <testcase name="testId_TB5()" classname="PesquisaTest" time="0.04"/>
  <testcase name="testId_TB6()" classname="PesquisaTest" time="0.002"/>
  <testcase name="testId_TB7()" classname="PesquisaTest" time="0.002"/>
  <testcase name="testId_TP3()" classname="PesquisaTest" time="0.002"/>
  <testcase name="testId_TP4()" classname="PesquisaTest" time="0.0"/>
  <testcase name="testId_TP5()" classname="PesquisaTest" time="0.002"/>
  <testcase name="testId_TP6()" classname="PesquisaTest" time="0.014"/>
  <testcase name="testId_TP7()" classname="PesquisaTest" time="0.016"/>
  <testcase name="testId_TP8()" classname="PesquisaTest" time="0.014"/>
  <testcase name="testId_TP9()" classname="PesquisaTest" time="0.002"/>
=======
<testsuite name="PesquisaTest" tests="1" skipped="0" failures="0" errors="0" timestamp="2019-01-10T18:39:17" hostname="DESKTOP-U8IOL9D" time="0.642">
  <properties/>
  <testcase name="testId_TP15()" classname="PesquisaTest" time="0.642"/>
>>>>>>> master
  <system-out><![CDATA[]]></system-out>
  <system-err><![CDATA[]]></system-err>
</testsuite>
