<?xml version="1.0" encoding="UTF-8"?>
<testsuite name="PesquisaTest" tests="11" skipped="0" failures="0" errors="0" timestamp="2019-01-09T16:56:52" hostname="DESKTOP-SJLNRU1" time="0.796">
  <properties/>
  <testcase name="testId_TP10()" classname="PesquisaTest" time="0.007"/>
  <testcase name="testId_TB5()" classname="PesquisaTest" time="0.018"/>
  <testcase name="testId_TB6()" classname="PesquisaTest" time="0.001"/>
  <testcase name="testId_TB7()" classname="PesquisaTest" time="0.002"/>
  <testcase name="testId_TP3()" classname="PesquisaTest" time="0.001"/>
  <testcase name="testId_TP4()" classname="PesquisaTest" time="0.001"/>
  <testcase name="testId_TP5()" classname="PesquisaTest" time="0.0"/>
  <testcase name="testId_TP6()" classname="PesquisaTest" time="0.057"/>
  <testcase name="testId_TP7()" classname="PesquisaTest" time="0.498"/>
  <testcase name="testId_TP8()" classname="PesquisaTest" time="0.197"/>
  <testcase name="testId_TP9()" classname="PesquisaTest" time="0.001"/>
  <system-out><![CDATA[1.0
1.0
3.0
3.0
1.0
1.0
1.0
1.0
1.4771212547196624
1.0
1.0
1.0
1.0
1.4771212547196624
4.431363764158987
1.0
1.0
1.0
1.0
1.4771212547196624
1.0
1.0
1.0
1.0
1.4771212547196624
4.431363764158987
]]></system-out>
  <system-err><![CDATA[]]></system-err>
</testsuite>
