<?xml version="1.0" encoding="UTF-8"?>
<testsuite name="LeituraDocumentosTest" tests="4" skipped="0" failures="0" errors="0" timestamp="2019-01-10T18:02:53" hostname="DESKTOP-SJLNRU1" time="0.047">
  <properties/>
  <testcase name="testId_TB1()" classname="LeituraDocumentosTest" time="0.001"/>
  <testcase name="testId_TB2()" classname="LeituraDocumentosTest" time="0.015"/>
  <testcase name="testId_TB4()" classname="LeituraDocumentosTest" time="0.004"/>
  <testcase name="testId_TP2()" classname="LeituraDocumentosTest" time="0.02"/>
  <system-out><![CDATA[]]></system-out>
  <system-err><![CDATA[]]></system-err>
</testsuite>
