<?xml version="1.0" encoding="UTF-8"?>
<testsuite name="PesquisaTest" tests="11" skipped="0" failures="0" errors="0" timestamp="2019-01-09T16:39:31" hostname="Toshiba-PC" time="0.889">
  <properties/>
  <testcase name="testId_TP10()" classname="PesquisaTest" time="0.021"/>
  <testcase name="testId_TB5()" classname="PesquisaTest" time="0.02"/>
  <testcase name="testId_TB6()" classname="PesquisaTest" time="0.002"/>
  <testcase name="testId_TB7()" classname="PesquisaTest" time="0.001"/>
  <testcase name="testId_TP3()" classname="PesquisaTest" time="0.004"/>
  <testcase name="testId_TP4()" classname="PesquisaTest" time="0.001"/>
  <testcase name="testId_TP5()" classname="PesquisaTest" time="0.001"/>
  <testcase name="testId_TP6()" classname="PesquisaTest" time="0.756"/>
  <testcase name="testId_TP7()" classname="PesquisaTest" time="0.036"/>
  <testcase name="testId_TP8()" classname="PesquisaTest" time="0.033"/>
  <testcase name="testId_TP9()" classname="PesquisaTest" time="0.001"/>
  <system-out><![CDATA[]]></system-out>
  <system-err><![CDATA[]]></system-err>
</testsuite>
