<?xml version="1.0" encoding="UTF-8"?>
<testsuite name="LeituraDocumentosTest" tests="4" skipped="0" failures="0" errors="0" timestamp="2019-01-09T15:39:00" hostname="Toshiba-PC" time="1.232">
  <properties/>
  <testcase name="testId_TB1()" classname="LeituraDocumentosTest" time="0.026"/>
  <testcase name="testId_TB2()" classname="LeituraDocumentosTest" time="1.142"/>
  <testcase name="testId_TB4()" classname="LeituraDocumentosTest" time="0.003"/>
  <testcase name="testId_TP2()" classname="LeituraDocumentosTest" time="0.057"/>
  <system-out><![CDATA[]]></system-out>
  <system-err><![CDATA[]]></system-err>
</testsuite>
