<?xml version="1.0" encoding="UTF-8"?>
<testsuite name="PesquisaTest" tests="1" skipped="0" failures="0" errors="0" timestamp="2019-01-10T18:39:17" hostname="DESKTOP-U8IOL9D" time="0.642">
  <properties/>
  <testcase name="testId_TP15()" classname="PesquisaTest" time="0.642"/>
  <system-out><![CDATA[]]></system-out>
  <system-err><![CDATA[]]></system-err>
</testsuite>
