<?xml version="1.0" encoding="UTF-8"?>
<testsuite name="LeituraDocumentosTest" tests="5" skipped="0" failures="0" errors="0" timestamp="2019-01-09T14:29:48" hostname="DESKTOP-SJLNRU1" time="0.114">
  <properties/>
  <testcase name="testId_TB1()" classname="LeituraDocumentosTest" time="0.001"/>
  <testcase name="testId_TB2()" classname="LeituraDocumentosTest" time="0.026"/>
  <testcase name="testId_TB3()" classname="LeituraDocumentosTest" time="0.028"/>
  <testcase name="testId_TB4()" classname="LeituraDocumentosTest" time="0.004"/>
  <testcase name="testId_TP2()" classname="LeituraDocumentosTest" time="0.051"/>
  <system-out><![CDATA[]]></system-out>
  <system-err><![CDATA[]]></system-err>
</testsuite>
