<?xml version="1.0" encoding="UTF-8"?>
<testsuite name="LeituraDocumentosTest" tests="2" skipped="0" failures="0" errors="0" timestamp="2018-12-31T02:14:41" hostname="Toshiba-PC" time="0.028">
  <properties/>
  <testcase name="testId_TP1()" classname="LeituraDocumentosTest" time="0.023"/>
  <testcase name="testId_TP2()" classname="LeituraDocumentosTest" time="0.003"/>
  <system-out><![CDATA[]]></system-out>
  <system-err><![CDATA[]]></system-err>
</testsuite>
