<?xml version="1.0" encoding="UTF-8"?>
<testsuite name="PesquisaTest" tests="2" skipped="0" failures="0" errors="0" timestamp="2018-12-31T02:14:41" hostname="Toshiba-PC" time="0.06">
  <properties/>
  <testcase name="testId_TP3()" classname="PesquisaTest" time="0.057"/>
  <testcase name="testId_TP4()" classname="PesquisaTest" time="0.001"/>
  <system-out><![CDATA[]]></system-out>
  <system-err><![CDATA[]]></system-err>
</testsuite>
