<?xml version="1.0" encoding="UTF-8"?>
<testsuite name="LeituraDocumentosTest" tests="5" skipped="0" failures="0" errors="0" timestamp="2019-01-09T12:58:23" hostname="Toshiba-PC" time="2.232">
  <properties/>
  <testcase name="testId_TB1()" classname="LeituraDocumentosTest" time="0.029"/>
  <testcase name="testId_TB2()" classname="LeituraDocumentosTest" time="1.19"/>
  <testcase name="testId_TB3()" classname="LeituraDocumentosTest" time="0.904"/>
  <testcase name="testId_TB4()" classname="LeituraDocumentosTest" time="0.002"/>
  <testcase name="testId_TP2()" classname="LeituraDocumentosTest" time="0.099"/>
  <system-out><![CDATA[]]></system-out>
  <system-err><![CDATA[]]></system-err>
</testsuite>
