<?xml version="1.0" encoding="UTF-8"?>
<testsuite name="PesquisaTest" tests="10" skipped="0" failures="0" errors="0" timestamp="2019-01-09T15:39:01" hostname="Toshiba-PC" time="0.257">
  <properties/>
  <testcase name="testId_TB5()" classname="PesquisaTest" time="0.033"/>
  <testcase name="testId_TB6()" classname="PesquisaTest" time="0.003"/>
  <testcase name="testId_TB7()" classname="PesquisaTest" time="0.002"/>
  <testcase name="testId_TP3()" classname="PesquisaTest" time="0.002"/>
  <testcase name="testId_TP4()" classname="PesquisaTest" time="0.001"/>
  <testcase name="testId_TP5()" classname="PesquisaTest" time="0.001"/>
  <testcase name="testId_TP6()" classname="PesquisaTest" time="0.063"/>
  <testcase name="testId_TP7()" classname="PesquisaTest" time="0.083"/>
  <testcase name="testId_TP8()" classname="PesquisaTest" time="0.055"/>
  <testcase name="testId_TP9()" classname="PesquisaTest" time="0.001"/>
  <system-out><![CDATA[]]></system-out>
  <system-err><![CDATA[]]></system-err>
</testsuite>
