<?xml version="1.0" encoding="UTF-8"?>
<testsuite name="LeituraDocumentosTest" tests="4" skipped="0" failures="0" errors="0" timestamp="2019-01-10T19:47:31" hostname="DESKTOP-SJLNRU1" time="0.65">
  <properties/>
  <testcase name="testId_TB1()" classname="LeituraDocumentosTest" time="0.016"/>
  <testcase name="testId_TB2()" classname="LeituraDocumentosTest" time="0.6"/>
  <testcase name="testId_TB4()" classname="LeituraDocumentosTest" time="0.001"/>
  <testcase name="testId_TP2()" classname="LeituraDocumentosTest" time="0.031"/>
  <system-out><![CDATA[]]></system-out>
  <system-err><![CDATA[]]></system-err>
</testsuite>
