<?xml version="1.0" encoding="UTF-8"?>
<testsuite name="LeituraDocumentosTest" tests="2" skipped="0" failures="0" errors="0" timestamp="2018-12-31T15:57:33" hostname="DESKTOP-SJLNRU1" time="0.013">
  <properties/>
  <testcase name="testId_TP1()" classname="LeituraDocumentosTest" time="0.012"/>
  <testcase name="testId_TP2()" classname="LeituraDocumentosTest" time="0.0"/>
  <system-out><![CDATA[]]></system-out>
  <system-err><![CDATA[]]></system-err>
</testsuite>
